0 info it worked if it ends with ok
1 verbose cli [ '/home/nick/.nvm/versions/node/v4.2.2/bin/node',
1 verbose cli   '/home/nick/.nvm/versions/node/v4.2.2/bin/npm',
1 verbose cli   'start' ]
2 info using npm@2.14.7
3 info using node@v4.2.2
4 verbose run-script [ 'prestart', 'start', 'poststart' ]
5 info prestart gulp-cycle@0.0.1
6 info start gulp-cycle@0.0.1
7 verbose unsafe-perm in lifecycle true
8 info gulp-cycle@0.0.1 Failed to exec start script
9 verbose stack Error: gulp-cycle@0.0.1 start: `gulp`
9 verbose stack Exit status 1
9 verbose stack     at EventEmitter.<anonymous> (/home/nick/.nvm/versions/node/v4.2.2/lib/node_modules/npm/lib/utils/lifecycle.js:214:16)
9 verbose stack     at emitTwo (events.js:87:13)
9 verbose stack     at EventEmitter.emit (events.js:172:7)
9 verbose stack     at ChildProcess.<anonymous> (/home/nick/.nvm/versions/node/v4.2.2/lib/node_modules/npm/lib/utils/spawn.js:24:14)
9 verbose stack     at emitTwo (events.js:87:13)
9 verbose stack     at ChildProcess.emit (events.js:172:7)
9 verbose stack     at maybeClose (internal/child_process.js:818:16)
9 verbose stack     at Process.ChildProcess._handle.onexit (internal/child_process.js:211:5)
10 verbose pkgid gulp-cycle@0.0.1
11 verbose cwd /home/nick/projects/javascript/cycle/gulp-cycle
12 error Linux 4.2.0-23-generic
13 error argv "/home/nick/.nvm/versions/node/v4.2.2/bin/node" "/home/nick/.nvm/versions/node/v4.2.2/bin/npm" "start"
14 error node v4.2.2
15 error npm  v2.14.7
16 error code ELIFECYCLE
17 error gulp-cycle@0.0.1 start: `gulp`
17 error Exit status 1
18 error Failed at the gulp-cycle@0.0.1 start script 'gulp'.
18 error This is most likely a problem with the gulp-cycle package,
18 error not with npm itself.
18 error Tell the author that this fails on your system:
18 error     gulp
18 error You can get their info via:
18 error     npm owner ls gulp-cycle
18 error There is likely additional logging output above.
19 verbose exit [ 1, true ]
